[debug] [2020-04-14T06:44:26.126Z] ----------------------------------------------------------------------
[debug] [2020-04-14T06:44:26.128Z] Command:       /usr/local/bin/node /usr/local/bin/firebase install
[debug] [2020-04-14T06:44:26.128Z] CLI Version:   7.11.0
[debug] [2020-04-14T06:44:26.128Z] Platform:      darwin
[debug] [2020-04-14T06:44:26.128Z] Node Version:  v12.14.0
[debug] [2020-04-14T06:44:26.129Z] Time:          Tue Apr 14 2020 00:44:26 GMT-0600 (Mountain Daylight Time)
[debug] [2020-04-14T06:44:26.129Z] ----------------------------------------------------------------------
[debug] [2020-04-14T06:44:26.129Z] 
[error] Error: [object Object] is not a Firebase command
[debug] [2020-04-14T06:44:26.134Z] TypeError: str.toLowerCase is not a function
    at didYouMean (/usr/local/lib/node_modules/firebase-tools/node_modules/didyoumean/didYouMean-1.2.1.js:147:48)
    at suggestCommands (/usr/local/lib/node_modules/firebase-tools/lib/index.js:28:22)
    at Command.<anonymous> (/usr/local/lib/node_modules/firebase-tools/lib/index.js:57:14)
    at Command.listener (/usr/local/lib/node_modules/firebase-tools/node_modules/commander/index.js:370:29)
    at Command.emit (events.js:210:5)
    at Command.EventEmitter.emit (domain.js:475:20)
    at Command.parseArgs (/usr/local/lib/node_modules/firebase-tools/node_modules/commander/index.js:894:12)
    at Command.parse (/usr/local/lib/node_modules/firebase-tools/node_modules/commander/index.js:642:21)
    at Object.<anonymous> (/usr/local/lib/node_modules/firebase-tools/lib/bin/firebase.js:98:22)
    at Module._compile (internal/modules/cjs/loader.js:959:30)
    at Object.Module._extensions..js (internal/modules/cjs/loader.js:995:10)
    at Module.load (internal/modules/cjs/loader.js:815:32)
    at Function.Module._load (internal/modules/cjs/loader.js:727:14)
    at Function.Module.runMain (internal/modules/cjs/loader.js:1047:10)
    at internal/main/run_main_module.js:17:11
[error] 
[error] Error: An unexpected error has occurred.
